Feb 13, 2013 1:41:47 PM org.apache.catalina.core.AprLifecycleListener init
INFO: The APR based Apache Tomcat Native library which allows optimal performance in production environments was not found on the java.library.path: /opt/jdk/jdk1.6.0_39/jre/lib/amd64/server:/opt/jdk/jdk1.6.0_39/jre/lib/amd64:/opt/jdk/jdk1.6.0_39/jre/../lib/amd64:/usr/java/packages/lib/amd64:/usr/lib64:/lib64:/lib:/usr/lib
Feb 13, 2013 1:41:47 PM org.apache.coyote.AbstractProtocol init
INFO: Initializing ProtocolHandler ["http-bio-1234"]
Feb 13, 2013 1:41:47 PM org.apache.coyote.AbstractProtocol init
INFO: Initializing ProtocolHandler ["ajp-bio-8009"]
Feb 13, 2013 1:41:47 PM org.apache.catalina.startup.Catalina load
INFO: Initialization processed in 505 ms
Feb 13, 2013 1:41:47 PM org.apache.catalina.core.StandardService startInternal
INFO: Starting service Catalina
Feb 13, 2013 1:41:47 PM org.apache.catalina.core.StandardEngine startInternal
INFO: Starting Servlet Engine: Apache Tomcat/7.0.35
Feb 13, 2013 1:41:47 PM org.apache.catalina.startup.HostConfig deployDirectory
INFO: Deploying web application directory /afs/nada.kth.se/home/teach/stene/tomcat/webapps/ROOT
Feb 13, 2013 1:41:47 PM org.apache.catalina.startup.HostConfig deployDirectory
INFO: Deploying web application directory /afs/nada.kth.se/home/teach/stene/tomcat/webapps/docs
Feb 13, 2013 1:41:47 PM org.apache.catalina.startup.HostConfig deployDirectory
INFO: Deploying web application directory /afs/nada.kth.se/home/teach/stene/tomcat/webapps/examples
Feb 13, 2013 1:41:48 PM org.apache.catalina.startup.HostConfig deployDirectory
INFO: Deploying web application directory /afs/nada.kth.se/home/teach/stene/tomcat/webapps/host-manager
Feb 13, 2013 1:41:48 PM org.apache.catalina.startup.HostConfig deployDirectory
INFO: Deploying web application directory /afs/nada.kth.se/home/teach/stene/tomcat/webapps/manager
Feb 13, 2013 1:41:48 PM org.apache.coyote.AbstractProtocol start
INFO: Starting ProtocolHandler ["http-bio-1234"]
Feb 13, 2013 1:41:48 PM org.apache.coyote.AbstractProtocol start
INFO: Starting ProtocolHandler ["ajp-bio-8009"]
Feb 13, 2013 1:41:48 PM org.apache.catalina.startup.Catalina start
INFO: Server startup in 588 ms
Feb 13, 2013 1:42:47 PM org.apache.catalina.core.StandardServer await
INFO: A valid shutdown command was received via the shutdown port. Stopping the Server instance.
Feb 13, 2013 1:42:47 PM org.apache.coyote.AbstractProtocol pause
INFO: Pausing ProtocolHandler ["http-bio-1234"]
Feb 13, 2013 1:42:47 PM org.apache.coyote.AbstractProtocol pause
INFO: Pausing ProtocolHandler ["ajp-bio-8009"]
Feb 13, 2013 1:42:47 PM org.apache.catalina.core.StandardService stopInternal
INFO: Stopping service Catalina
Feb 13, 2013 1:42:47 PM org.apache.coyote.AbstractProtocol stop
INFO: Stopping ProtocolHandler ["http-bio-1234"]
Feb 13, 2013 1:42:47 PM org.apache.coyote.AbstractProtocol stop
INFO: Stopping ProtocolHandler ["ajp-bio-8009"]
Feb 13, 2013 1:42:47 PM org.apache.coyote.AbstractProtocol destroy
INFO: Destroying ProtocolHandler ["http-bio-1234"]
Feb 13, 2013 1:42:47 PM org.apache.coyote.AbstractProtocol destroy
INFO: Destroying ProtocolHandler ["ajp-bio-8009"]
